<?xml version="1.0" encoding="UTF-8"?>
<testsuite xmlns:xsi="http://www.w3.org/2001/XMLSchema-instance" xsi:noNamespaceSchemaLocation="https://maven.apache.org/surefire/maven-surefire-plugin/xsd/surefire-test-report-3.0.xsd" version="3.0" name="com.msmail.ms_mail.MsMailApplicationTests" time="5.737" tests="1" errors="0" skipped="0" failures="0">
  <properties>
[...]
</properties>
  <testcase name="contextLoads" classname="com.msmail.ms_mail.MsMailApplicationTests" time="0.497">
    <system-out><![CDATA[12:00:39.507 [main] INFO org.springframework.test.context.support.AnnotationConfigContextLoaderUtils -- Could not detect default configuration classes for test class [com.msmail.ms_mail.MsMailApplicationTests]: MsMailApplicationTests does not declare any static, non-private, non-final, nested classes annotated with @Configuration.
12:00:39.610 [main] INFO org.springframework.boot.test.context.SpringBootTestContextBootstrapper -- Found @SpringBootConfiguration com.msmail.ms_mail.MsMailApplication for test class com.msmail.ms_mail.MsMailApplicationTests
  .   ____          _            __ _ _
 /\\ / ___'_ __ _ _(_)_ __  __ _ \ \ \ \
( ( )\___ | '_ | '_| | '_ \/ _` | \ \ \ \
 \\/  ___)| |_)| | | | | || (_| |  ) ) ) )
  '  |____| .__|_| |_|_| |_\__, | / / / /
 =========|_|==============|___/=/_/_/_/

 :: Spring Boot ::                (v3.3.0)

2024-06-10T12:00:40.029-03:00  INFO 20332 --- [ms-mail] [           main] c.msmail.ms_mail.MsMailApplicationTests  : Starting MsMailApplicationTests using Java 17.0.11 with PID 20332 (started by otavio.ferreira in C:\ex-workspace\ms-mail)
2024-06-10T12:00:40.030-03:00  INFO 20332 --- [ms-mail] [           main] c.msmail.ms_mail.MsMailApplicationTests  : No active profile set, falling back to 1 default profile: "default"
2024-06-10T12:00:41.041-03:00  INFO 20332 --- [ms-mail] [           main] .s.d.r.c.RepositoryConfigurationDelegate : Bootstrapping Spring Data JPA repositories in DEFAULT mode.
2024-06-10T12:00:41.098-03:00  INFO 20332 --- [ms-mail] [           main] .s.d.r.c.RepositoryConfigurationDelegate : Finished Spring Data repository scanning in 49 ms. Found 1 JPA repository interface.
2024-06-10T12:00:41.653-03:00  INFO 20332 --- [ms-mail] [           main] com.zaxxer.hikari.HikariDataSource       : HikariPool-1 - Starting...
2024-06-10T12:00:41.934-03:00  INFO 20332 --- [ms-mail] [           main] com.zaxxer.hikari.pool.HikariPool        : HikariPool-1 - Added connection conn0: url=jdbc:h2:mem:testdb user=SA
2024-06-10T12:00:41.936-03:00  INFO 20332 --- [ms-mail] [           main] com.zaxxer.hikari.HikariDataSource       : HikariPool-1 - Start completed.
2024-06-10T12:00:41.991-03:00  INFO 20332 --- [ms-mail] [           main] o.hibernate.jpa.internal.util.LogHelper  : HHH000204: Processing PersistenceUnitInfo [name: default]
2024-06-10T12:00:42.093-03:00  INFO 20332 --- [ms-mail] [           main] org.hibernate.Version                    : HHH000412: Hibernate ORM core version 6.5.2.Final
2024-06-10T12:00:42.142-03:00  INFO 20332 --- [ms-mail] [           main] o.h.c.internal.RegionFactoryInitiator    : HHH000026: Second-level cache disabled
2024-06-10T12:00:42.487-03:00  INFO 20332 --- [ms-mail] [           main] o.s.o.j.p.SpringPersistenceUnitInfo      : No LoadTimeWeaver setup: ignoring JPA class transformer
2024-06-10T12:00:43.264-03:00  INFO 20332 --- [ms-mail] [           main] o.h.e.t.j.p.i.JtaPlatformInitiator       : HHH000489: No JTA platform available (set 'hibernate.transaction.jta.platform' to enable JTA platform integration)
2024-06-10T12:00:43.289-03:00  INFO 20332 --- [ms-mail] [           main] j.LocalContainerEntityManagerFactoryBean : Initialized JPA EntityManagerFactory for persistence unit 'default'
2024-06-10T12:00:43.938-03:00  WARN 20332 --- [ms-mail] [           main] JpaBaseConfiguration$JpaWebConfiguration : spring.jpa.open-in-view is enabled by default. Therefore, database queries may be performed during view rendering. Explicitly configure spring.jpa.open-in-view to disable this warning
2024-06-10T12:00:44.510-03:00  INFO 20332 --- [ms-mail] [           main] o.s.b.a.h2.H2ConsoleAutoConfiguration    : H2 console available at '/h2-console'. Database available at 'jdbc:h2:mem:testdb'
2024-06-10T12:00:44.570-03:00  INFO 20332 --- [ms-mail] [           main] c.msmail.ms_mail.MsMailApplicationTests  : Started MsMailApplicationTests in 4.768 seconds (process running for 5.685)
]]></system-out>
  </testcase>
</testsuite>